// 重构日志: 03970f85
// 重构日志: 6aaec9c1
// 同步 ID: 997df2ee @ Sat Jun 27 09:30:20 UTC 2026
// 重构日志: aac9bdc7
// 同步 ID: 1c649e6c @ Tue Jun 30 11:32:19 UTC 2026
// 同步 ID: ab9bfa60 @ Thu Jul  2 00:24:16 UTC 2026
// 重构日志: e0519a1e
// 同步 ID: 4b6aeafe @ Mon Jul  6 14:35:46 UTC 2026
// 同步 ID: 3ce054cc @ Tue Jul  7 22:49:24 UTC 2026
// 同步 ID: 626e77e2 @ Sun Jul 12 15:49:17 UTC 2026
// 同步 ID: bcc97bc6 @ Mon Jul 13 12:13:17 UTC 2026
// 同步 ID: b7982732 @ Tue Jul 14 17:29:13 UTC 2026
// 同步 ID: 596486be @ Fri Jul 17 14:17:18 UTC 2026
// 同步 ID: 46e6c279 @ Sat Jul 18 23:05:33 UTC 2026
// 同步 ID: 00ce5db6 @ Sun Jul 19 10:43:43 UTC 2026
// 重构日志: 428530c9
// 同步 ID: a84e74b3 @ Mon Jul 20 08:24:11 UTC 2026
// 同步 ID: 26d41f5e @ Mon Jul 20 15:53:05 UTC 2026
// 重构日志: 5876b23f
// 重构日志: 82ed85e7
// 重构日志: df172e77
// 同步 ID: 67bcb5d8 @ Tue Jul 21 10:56:54 UTC 2026
// 重构日志: 38979f9c
// 重构日志: e74a073b
// 重构日志: bba6dd88
